\BOOKMARK [0][-]{chapter.1}{\376\377\000C\000l\000a\000s\000s\000\040\000I\000n\000d\000e\000x}{}
\BOOKMARK [1][-]{section.1.1}{\376\377\000C\000l\000a\000s\000s\000\040\000L\000i\000s\000t}{chapter.1}
\BOOKMARK [0][-]{chapter.2}{\376\377\000F\000i\000l\000e\000\040\000I\000n\000d\000e\000x}{}
\BOOKMARK [1][-]{section.2.1}{\376\377\000F\000i\000l\000e\000\040\000L\000i\000s\000t}{chapter.2}
\BOOKMARK [0][-]{chapter.3}{\376\377\000C\000l\000a\000s\000s\000\040\000D\000o\000c\000u\000m\000e\000n\000t\000a\000t\000i\000o\000n}{}
\BOOKMARK [1][-]{section.3.1}{\376\377\000A\000p\000p\000C\000l\000a\000s\000s\000\040\000C\000l\000a\000s\000s\000\040\000R\000e\000f\000e\000r\000e\000n\000c\000e}{chapter.3}
\BOOKMARK [2][-]{subsection.3.1.1}{\376\377\000C\000o\000n\000s\000t\000r\000u\000c\000t\000o\000r\000\040\000\046\000\040\000D\000e\000s\000t\000r\000u\000c\000t\000o\000r\000\040\000D\000o\000c\000u\000m\000e\000n\000t\000a\000t\000i\000o\000n}{section.3.1}
\BOOKMARK [3][-]{subsubsection.3.1.1.1}{\376\377\000A\000p\000p\000C\000l\000a\000s\000s}{subsection.3.1.1}
\BOOKMARK [3][-]{subsubsection.3.1.1.2}{\376\377\000A\000p\000p\000C\000l\000a\000s\000s}{subsection.3.1.1}
\BOOKMARK [2][-]{subsection.3.1.2}{\376\377\000M\000e\000m\000b\000e\000r\000\040\000F\000u\000n\000c\000t\000i\000o\000n\000\040\000D\000o\000c\000u\000m\000e\000n\000t\000a\000t\000i\000o\000n}{section.3.1}
\BOOKMARK [3][-]{subsubsection.3.1.2.1}{\376\377\000a\000n\000o\000t\000h\000e\000r\000I\000n\000s\000t\000a\000n\000c\000e\000S\000t\000a\000r\000t\000e\000d}{subsection.3.1.2}
\BOOKMARK [3][-]{subsubsection.3.1.2.2}{\376\377\000g\000e\000t\000A\000p\000p\000l\000i\000c\000a\000t\000i\000o\000n\000N\000a\000m\000e}{subsection.3.1.2}
\BOOKMARK [3][-]{subsubsection.3.1.2.3}{\376\377\000g\000e\000t\000A\000p\000p\000l\000i\000c\000a\000t\000i\000o\000n\000V\000e\000r\000s\000i\000o\000n}{subsection.3.1.2}
\BOOKMARK [3][-]{subsubsection.3.1.2.4}{\376\377\000i\000n\000i\000t\000i\000a\000l\000i\000s\000e}{subsection.3.1.2}
\BOOKMARK [3][-]{subsubsection.3.1.2.5}{\376\377\000m\000o\000r\000e\000T\000h\000a\000n\000O\000n\000e\000I\000n\000s\000t\000a\000n\000c\000e\000A\000l\000l\000o\000w\000e\000d}{subsection.3.1.2}
\BOOKMARK [3][-]{subsubsection.3.1.2.6}{\376\377\000s\000h\000u\000t\000d\000o\000w\000n}{subsection.3.1.2}
\BOOKMARK [2][-]{subsection.3.1.3}{\376\377\000M\000e\000m\000b\000e\000r\000\040\000D\000a\000t\000a\000\040\000D\000o\000c\000u\000m\000e\000n\000t\000a\000t\000i\000o\000n}{section.3.1}
\BOOKMARK [3][-]{subsubsection.3.1.3.1}{\376\377\000m\000\137\000c\000o\000m\000m\000a\000n\000d\000M\000a\000n\000a\000g\000e\000r}{subsection.3.1.3}
\BOOKMARK [3][-]{subsubsection.3.1.3.2}{\376\377\000t\000h\000e\000M\000a\000i\000n\000W\000i\000n\000d\000o\000w}{subsection.3.1.3}
\BOOKMARK [1][-]{section.3.2}{\376\377\000M\000a\000i\000n\000A\000p\000p\000W\000i\000n\000d\000o\000w\000\040\000C\000l\000a\000s\000s\000\040\000R\000e\000f\000e\000r\000e\000n\000c\000e}{chapter.3}
\BOOKMARK [2][-]{subsection.3.2.1}{\376\377\000C\000o\000n\000s\000t\000r\000u\000c\000t\000o\000r\000\040\000\046\000\040\000D\000e\000s\000t\000r\000u\000c\000t\000o\000r\000\040\000D\000o\000c\000u\000m\000e\000n\000t\000a\000t\000i\000o\000n}{section.3.2}
\BOOKMARK [3][-]{subsubsection.3.2.1.1}{\376\377\000M\000a\000i\000n\000A\000p\000p\000W\000i\000n\000d\000o\000w}{subsection.3.2.1}
\BOOKMARK [3][-]{subsubsection.3.2.1.2}{\376\377\000M\000a\000i\000n\000A\000p\000p\000W\000i\000n\000d\000o\000w}{subsection.3.2.1}
\BOOKMARK [2][-]{subsection.3.2.2}{\376\377\000M\000e\000m\000b\000e\000r\000\040\000F\000u\000n\000c\000t\000i\000o\000n\000\040\000D\000o\000c\000u\000m\000e\000n\000t\000a\000t\000i\000o\000n}{section.3.2}
\BOOKMARK [3][-]{subsubsection.3.2.2.1}{\376\377\000c\000l\000o\000s\000e\000B\000u\000t\000t\000o\000n\000P\000r\000e\000s\000s\000e\000d}{subsection.3.2.2}
\BOOKMARK [1][-]{section.3.3}{\376\377\000M\000a\000i\000n\000C\000o\000m\000p\000o\000n\000e\000n\000t\000\040\000C\000l\000a\000s\000s\000\040\000R\000e\000f\000e\000r\000e\000n\000c\000e}{chapter.3}
\BOOKMARK [2][-]{subsection.3.3.1}{\376\377\000M\000e\000m\000b\000e\000r\000\040\000E\000n\000u\000m\000e\000r\000a\000t\000i\000o\000n\000\040\000D\000o\000c\000u\000m\000e\000n\000t\000a\000t\000i\000o\000n}{section.3.3}
\BOOKMARK [3][-]{subsubsection.3.3.1.1}{\376\377\000C\000o\000m\000m\000a\000n\000d\000I\000D\000s}{subsection.3.3.1}
\BOOKMARK [2][-]{subsection.3.3.2}{\376\377\000C\000o\000n\000s\000t\000r\000u\000c\000t\000o\000r\000\040\000\046\000\040\000D\000e\000s\000t\000r\000u\000c\000t\000o\000r\000\040\000D\000o\000c\000u\000m\000e\000n\000t\000a\000t\000i\000o\000n}{section.3.3}
\BOOKMARK [3][-]{subsubsection.3.3.2.1}{\376\377\000M\000a\000i\000n\000C\000o\000m\000p\000o\000n\000e\000n\000t}{subsection.3.3.2}
\BOOKMARK [3][-]{subsubsection.3.3.2.2}{\376\377\000M\000a\000i\000n\000C\000o\000m\000p\000o\000n\000e\000n\000t}{subsection.3.3.2}
\BOOKMARK [3][-]{subsubsection.3.3.2.3}{\376\377\000M\000a\000i\000n\000C\000o\000m\000p\000o\000n\000e\000n\000t}{subsection.3.3.2}
\BOOKMARK [2][-]{subsection.3.3.3}{\376\377\000M\000e\000m\000b\000e\000r\000\040\000F\000u\000n\000c\000t\000i\000o\000n\000\040\000D\000o\000c\000u\000m\000e\000n\000t\000a\000t\000i\000o\000n}{section.3.3}
\BOOKMARK [3][-]{subsubsection.3.3.3.1}{\376\377\000b\000u\000t\000t\000o\000n\000C\000l\000i\000c\000k\000e\000d}{subsection.3.3.3}
\BOOKMARK [3][-]{subsubsection.3.3.3.2}{\376\377\000g\000e\000t\000A\000l\000l\000C\000o\000m\000m\000a\000n\000d\000s}{subsection.3.3.3}
\BOOKMARK [3][-]{subsubsection.3.3.3.3}{\376\377\000g\000e\000t\000C\000o\000m\000m\000a\000n\000d\000I\000n\000f\000o}{subsection.3.3.3}
\BOOKMARK [3][-]{subsubsection.3.3.3.4}{\376\377\000g\000e\000t\000M\000e\000n\000u\000B\000a\000r\000N\000a\000m\000e\000s}{subsection.3.3.3}
\BOOKMARK [3][-]{subsubsection.3.3.3.5}{\376\377\000g\000e\000t\000M\000e\000n\000u\000F\000o\000r\000I\000n\000d\000e\000x}{subsection.3.3.3}
\BOOKMARK [3][-]{subsubsection.3.3.3.6}{\376\377\000g\000e\000t\000N\000e\000x\000t\000C\000o\000m\000m\000a\000n\000d\000T\000a\000r\000g\000e\000t}{subsection.3.3.3}
\BOOKMARK [3][-]{subsubsection.3.3.3.7}{\376\377\000h\000o\000c\000h\000Z\000a\000e\000h\000l\000e\000r}{subsection.3.3.3}
\BOOKMARK [3][-]{subsubsection.3.3.3.8}{\376\377\000m\000e\000n\000u\000I\000t\000e\000m\000S\000e\000l\000e\000c\000t\000e\000d}{subsection.3.3.3}
\BOOKMARK [3][-]{subsubsection.3.3.3.9}{\376\377\000o\000p\000e\000r\000a\000t\000o\000r\000=}{subsection.3.3.3}
\BOOKMARK [3][-]{subsubsection.3.3.3.10}{\376\377\000p\000a\000i\000n\000t}{subsection.3.3.3}
\BOOKMARK [3][-]{subsubsection.3.3.3.11}{\376\377\000p\000e\000r\000f\000o\000r\000m}{subsection.3.3.3}
\BOOKMARK [3][-]{subsubsection.3.3.3.12}{\376\377\000r\000e\000s\000i\000z\000e\000d}{subsection.3.3.3}
\BOOKMARK [3][-]{subsubsection.3.3.3.13}{\376\377\000t\000i\000m\000e\000r\000C\000a\000l\000l\000b\000a\000c\000k}{subsection.3.3.3}
\BOOKMARK [2][-]{subsection.3.3.4}{\376\377\000M\000e\000m\000b\000e\000r\000\040\000D\000a\000t\000a\000\040\000D\000o\000c\000u\000m\000e\000n\000t\000a\000t\000i\000o\000n}{section.3.3}
\BOOKMARK [3][-]{subsubsection.3.3.4.1}{\376\377\000b\000u\000t\000t\000o\000n\0001}{subsection.3.3.4}
\BOOKMARK [3][-]{subsubsection.3.3.4.2}{\376\377\000m\000\137\000c\000o\000m\000m\000a\000n\000d\000M\000a\000n\000a\000g\000e\000r}{subsection.3.3.4}
\BOOKMARK [3][-]{subsubsection.3.3.4.3}{\376\377\000m\000\137\000i\000m\000a\000g\000e}{subsection.3.3.4}
\BOOKMARK [3][-]{subsubsection.3.3.4.4}{\376\377\000m\000\137\000m\000a\000i\000n\000W\000i\000n\000d\000o\000w}{subsection.3.3.4}
\BOOKMARK [3][-]{subsubsection.3.3.4.5}{\376\377\000m\000\137\000s\000c\000h\000a\000l\000t\000e\000r}{subsection.3.3.4}
\BOOKMARK [3][-]{subsubsection.3.3.4.6}{\376\377\000m\000\137\000t\000e\000x\000t}{subsection.3.3.4}
\BOOKMARK [3][-]{subsubsection.3.3.4.7}{\376\377\000m\000\137\000t\000e\000x\000t\0002}{subsection.3.3.4}
\BOOKMARK [3][-]{subsubsection.3.3.4.8}{\376\377\000m\000\137\000t\000i\000m\000e\000r\000O\000n}{subsection.3.3.4}
\BOOKMARK [3][-]{subsubsection.3.3.4.9}{\376\377\000m\000\137\000z\000a\000e\000h\000l\000e\000r}{subsection.3.3.4}
\BOOKMARK [3][-]{subsubsection.3.3.4.10}{\376\377\000t\000o\000o\000l\000t\000i\000p\000W\000i\000n\000d\000o\000w}{subsection.3.3.4}
\BOOKMARK [1][-]{section.3.4}{\376\377\000X\000m\000l\000P\000a\000r\000s\000e\000r\000\040\000C\000l\000a\000s\000s\000\040\000R\000e\000f\000e\000r\000e\000n\000c\000e}{chapter.3}
\BOOKMARK [2][-]{subsection.3.4.1}{\376\377\000C\000o\000n\000s\000t\000r\000u\000c\000t\000o\000r\000\040\000\046\000\040\000D\000e\000s\000t\000r\000u\000c\000t\000o\000r\000\040\000D\000o\000c\000u\000m\000e\000n\000t\000a\000t\000i\000o\000n}{section.3.4}
\BOOKMARK [3][-]{subsubsection.3.4.1.1}{\376\377\000X\000m\000l\000P\000a\000r\000s\000e\000r}{subsection.3.4.1}
\BOOKMARK [3][-]{subsubsection.3.4.1.2}{\376\377\000X\000m\000l\000P\000a\000r\000s\000e\000r}{subsection.3.4.1}
\BOOKMARK [2][-]{subsection.3.4.2}{\376\377\000M\000e\000m\000b\000e\000r\000\040\000F\000u\000n\000c\000t\000i\000o\000n\000\040\000D\000o\000c\000u\000m\000e\000n\000t\000a\000t\000i\000o\000n}{section.3.4}
\BOOKMARK [3][-]{subsubsection.3.4.2.1}{\376\377\000g\000e\000t\000I\000n\000s\000t\000a\000n\000c\000e}{subsection.3.4.2}
\BOOKMARK [3][-]{subsubsection.3.4.2.2}{\376\377\000g\000e\000t\000P\000i\000c\000t\000u\000r\000e\000P\000a\000t\000h}{subsection.3.4.2}
\BOOKMARK [3][-]{subsubsection.3.4.2.3}{\376\377\000r\000e\000a\000d\000C\000o\000n\000f\000i\000g}{subsection.3.4.2}
\BOOKMARK [2][-]{subsection.3.4.3}{\376\377\000M\000e\000m\000b\000e\000r\000\040\000D\000a\000t\000a\000\040\000D\000o\000c\000u\000m\000e\000n\000t\000a\000t\000i\000o\000n}{section.3.4}
\BOOKMARK [3][-]{subsubsection.3.4.3.1}{\376\377\000m\000\137\000i\000n\000s\000t\000a\000n\000c\000e}{subsection.3.4.3}
\BOOKMARK [3][-]{subsubsection.3.4.3.2}{\376\377\000m\000\137\000p\000i\000c\000t\000u\000r\000e\000P\000a\000t\000h}{subsection.3.4.3}
\BOOKMARK [0][-]{chapter.4}{\376\377\000F\000i\000l\000e\000\040\000D\000o\000c\000u\000m\000e\000n\000t\000a\000t\000i\000o\000n}{}
\BOOKMARK [1][-]{section.4.1}{\376\377\000M\000a\000i\000n\000.\000c\000p\000p\000\040\000F\000i\000l\000e\000\040\000R\000e\000f\000e\000r\000e\000n\000c\000e}{chapter.4}
\BOOKMARK [1][-]{section.4.2}{\376\377\000M\000a\000i\000n\000A\000p\000p\000W\000i\000n\000d\000o\000w\000.\000c\000p\000p\000\040\000F\000i\000l\000e\000\040\000R\000e\000f\000e\000r\000e\000n\000c\000e}{chapter.4}
\BOOKMARK [1][-]{section.4.3}{\376\377\000M\000a\000i\000n\000A\000p\000p\000W\000i\000n\000d\000o\000w\000.\000h\000\040\000F\000i\000l\000e\000\040\000R\000e\000f\000e\000r\000e\000n\000c\000e}{chapter.4}
\BOOKMARK [1][-]{section.4.4}{\376\377\000M\000a\000i\000n\000C\000o\000m\000p\000o\000n\000e\000n\000t\000.\000c\000p\000p\000\040\000F\000i\000l\000e\000\040\000R\000e\000f\000e\000r\000e\000n\000c\000e}{chapter.4}
\BOOKMARK [1][-]{section.4.5}{\376\377\000M\000a\000i\000n\000C\000o\000m\000p\000o\000n\000e\000n\000t\000.\000h\000\040\000F\000i\000l\000e\000\040\000R\000e\000f\000e\000r\000e\000n\000c\000e}{chapter.4}
\BOOKMARK [1][-]{section.4.6}{\376\377\000M\000y\000J\000u\000c\000e\000A\000p\000p\000\137\000H\000e\000a\000d\000e\000r\000s\000.\000h\000\040\000F\000i\000l\000e\000\040\000R\000e\000f\000e\000r\000e\000n\000c\000e}{chapter.4}
\BOOKMARK [1][-]{section.4.7}{\376\377\000X\000m\000l\000P\000a\000r\000s\000e\000r\000.\000c\000p\000p\000\040\000F\000i\000l\000e\000\040\000R\000e\000f\000e\000r\000e\000n\000c\000e}{chapter.4}
\BOOKMARK [2][-]{subsection.4.7.1}{\376\377\000F\000u\000n\000c\000t\000i\000o\000n\000\040\000D\000o\000c\000u\000m\000e\000n\000t\000a\000t\000i\000o\000n}{section.4.7}
\BOOKMARK [3][-]{subsubsection.4.7.1.1}{\376\377\000c\000o\000n\000f\000i\000g\000F\000i\000l\000e}{subsection.4.7.1}
\BOOKMARK [1][-]{section.4.8}{\376\377\000X\000m\000l\000P\000a\000r\000s\000e\000r\000.\000h\000\040\000F\000i\000l\000e\000\040\000R\000e\000f\000e\000r\000e\000n\000c\000e}{chapter.4}
